<?xml version="1.0" encoding="UTF-8"?>
<!-- Generated by org.testng.reporters.JUnitReportReporter -->
<testsuite skipped="0" hostname="DESKTOP-P80OO8R" name="com.jbk.testcases.AllInOneJBK" tests="1" failures="0" timestamp="04 Jul 2020 04:41:22 GMT" time="128.847" errors="0">
  <testcase name="checkErrorMessage" time="128.847" classname="com.jbk.testcases.AllInOneJBK"/>
</testsuite> <!-- com.jbk.testcases.AllInOneJBK -->
